build/app/outputs/mapping/release/seeds.txt
com.hastter.daytte.MainActivity: MainActivity()
com.hastter.daytte.MainActivity
...
com.google.android.exoplayer2.source.TrackGroupArray: android.os.Parcelable$Creator CREATOR
io.flutter.embedding.engine.FlutterJNI: io.flutter.embedding.engine.FlutterJNI nativeSpawn(long,java.lang.String,java.lang.String,java.lang.String)
io.flutter.embedding.engine.FlutterJNI: void onSurfaceCreated(android.view.Surface)
io.flutter.embedding.android.FlutterSplashView$SavedState: FlutterSplashView$SavedState(android.os.Parcel)
io.flutter.embedding.engine.FlutterJNI: void onDisplayPlatformView(int,int,int,int,int,int,int,io.flutter.embedding.engine.mutatorsstack.FlutterMutatorsStack)
io.flutter.embedding.engine.renderer.SurfaceTextureWrapper
com.google.android.datatransport.cct.CctBackendFactory: com.google.android.datatransport.runtime.backends.TransportBackend create(com.google.android.datatransport.runtime.backends.CreationContext)
io.flutter.embedding.engine.FlutterJNI: boolean setRefreshRateFPSCalled
io.flutter.plugins.firebase.messaging.FlutterFirebaseAppRegistrar: FlutterFirebaseAppRegistrar()
com.google.android.datatransport.cct.internal.NetworkConnectionInfo$NetworkType: com.google.android.datatransport.cct.internal.NetworkConnectionInfo$NetworkType[] values()
com.google.android.gms.location.zzae: android.os.Parcelable$Creator CREATOR
com.google.firebase.messaging.FirebaseMessagingRegistrar
io.flutter.plugins.firebase.core.FlutterFirebaseCoreRegistrar
io.flutter.embedding.engine.renderer.SurfaceTextureWrapper: android.graphics.SurfaceTexture surfaceTexture
io.flutter.plugin.editing.ImeSyncDeferringInsetsCallback: android.view.View access$600(io.flutter.plugin.editing.ImeSyncDeferringInsetsCallback)
com.google.firebase.messaging.FirebaseMessaging
com.google.common.util.concurrent.AbstractFuture$Waiter: java.lang.Thread thread
com.google.android.exoplayer2.metadata.scte35.TimeSignalCommand: android.os.Parcelable$Creator CREATOR
com.google.firebase.components.ComponentDiscoveryService
androidx.core.content.FileProvider: FileProvider()
androidx.activity.ImmLeaksCleaner
io.flutter.plugins.imagepicker.CameraDevice: io.flutter.plugins.imagepicker.CameraDevice[] values()
io.flutter.embedding.engine.FlutterOverlaySurface: int getId()
com.google.android.gms.common.internal.zzb: android.os.Parcelable$Creator CREATOR
androidx.core.content.ContextCompat$Api24Impl: java.io.File getDataDir(android.content.Context)
io.flutter.view.AccessibilityViewEmbedder: java.util.Map originToFlutterId
io.flutter.embedding.engine.FlutterJNI: void nativeNotifyLowMemoryWarning(long)
io.flutter.plugins.imagepicker.ImagePickerFileProvider
com.google.android.exoplayer2.source.hls.HlsMediaSource$Factory
io.flutter.plugins.GeneratedPluginRegistrant: GeneratedPluginRegistrant()
io.flutter.embedding.engine.mutatorsstack.FlutterMutatorsStack: java.util.List finalClippingPaths
io.flutter.plugin.platform.SingleViewPresentation: SingleViewPresentation(android.content.Context,android.view.Display,io.flutter.plugin.platform.PlatformViewFactory,io.flutter.plugin.platform.AccessibilityEventsDelegate,int,java.lang.Object,android.view.View$OnFocusChangeListener)
io.flutter.embedding.engine.FlutterJNI: void nativeSetSemanticsEnabled(long,boolean)
io.flutter.view.AccessibilityBridge$AccessibilityFeature: io.flutter.view.AccessibilityBridge$AccessibilityFeature[] values()
com.google.android.exoplayer2.metadata.id3.PrivFrame: android.os.Parcelable$Creator CREATOR
io.flutter.embedding.engine.systemchannels.TextInputChannel$TextInputType: io.flutter.embedding.engine.systemchannels.TextInputChannel$TextInputType valueOf(java.lang.String)
androidx.lifecycle.ReportFragment$LifecycleCallbacks: void onActivityDestroyed(android.app.Activity)
io.flutter.embedding.engine.FlutterJNI: void onSurfaceChanged(int,int)
io.flutter.plugins.GeneratedPluginRegistrant: java.lang.String TAG
androidx.core.app.RemoteActionCompat
io.flutter.view.AccessibilityViewEmbedder: io.flutter.view.AccessibilityViewEmbedder$ReflectionAccessors reflectionAccessors