build/app/outputs/mapping/release/mapping.txt
# compiler: R8
# compiler_version: 2.1.62
# min_api: 20
# pg_map_id: 67738c9
# common_typos_disable
...
com.google.android.gms.common.api.internal.UnregisterListenerMethod -> com.google.android.gms.common.api.internal.n:
    com.google.android.gms.common.api.internal.ListenerHolder$ListenerKey zajl -> a
    com.google.android.gms.common.api.internal.ListenerHolder$ListenerKey getListenerKey() -> a
    void unregisterListener(com.google.android.gms.common.api.Api$AnyClient,com.google.android.gms.tasks.TaskCompletionSource) -> b
com.google.android.gms.common.api.internal.zaab -> com.google.android.gms.common.api.internal.o:
    java.util.Map zafk -> a
    java.util.Map zafl -> b
    java.util.Map zaa(com.google.android.gms.common.api.internal.zaab) -> a
    void zaa(com.google.android.gms.common.api.internal.BasePendingResult,boolean) -> b
    void zaa(com.google.android.gms.tasks.TaskCompletionSource,boolean) -> c
    void zaa(boolean,com.google.android.gms.common.api.Status) -> d
    boolean zaag() -> e
    void zaah() -> f
    void zaai() -> g
    java.util.Map zab(com.google.android.gms.common.api.internal.zaab) -> h
com.google.android.gms.common.api.internal.zaac -> com.google.android.gms.common.api.internal.p:
    com.google.android.gms.common.api.internal.BasePendingResult zafm -> a
    com.google.android.gms.common.api.internal.zaab zafn -> b
    void onComplete(com.google.android.gms.common.api.Status) -> a
com.google.android.gms.common.api.internal.zaad -> com.google.android.gms.common.api.internal.q:
    com.google.android.gms.common.api.internal.zaab zafn -> b
    com.google.android.gms.tasks.TaskCompletionSource zafo -> a
    void onComplete(com.google.android.gms.tasks.Task) -> a
com.google.android.gms.common.api.internal.zaae -> com.google.android.gms.common.api.internal.r:
    com.google.android.gms.common.api.internal.GoogleApiManager zabm -> g
    androidx.collection.ArraySet zafp -> f
    void onResume() -> h
    void onStart() -> j
    void onStop() -> k
    void zaa(com.google.android.gms.common.ConnectionResult,int) -> m
    void zao() -> o
    void zaa(android.app.Activity,com.google.android.gms.common.api.internal.GoogleApiManager,com.google.android.gms.common.api.internal.zai) -> q
    androidx.collection.ArraySet zaaj() -> r
    void zaak() -> s
com.google.android.gms.common.api.internal.zaaf -> com.google.android.gms.common.api.internal.s:
    com.google.android.gms.common.api.internal.zai zafq -> a
    com.google.android.gms.tasks.TaskCompletionSource zafr -> b
    com.google.android.gms.tasks.TaskCompletionSource zaal() -> a
    com.google.android.gms.common.api.internal.zai zak() -> b
com.google.android.gms.common.api.internal.zaag -> com.google.android.gms.common.api.internal.t:
com.google.android.gms.common.api.internal.zab -> com.google.android.gms.common.api.internal.u:
    com.google.android.gms.common.api.Status zaa(android.os.RemoteException) -> a
    void zaa(com.google.android.gms.common.api.Status) -> b
    void zaa(com.google.android.gms.common.api.internal.GoogleApiManager$zaa) -> c
    void zaa(com.google.android.gms.common.api.internal.zaab,boolean) -> d
    void zaa(java.lang.RuntimeException) -> e
    com.google.android.gms.common.api.Status zab(android.os.RemoteException) -> f
com.google.android.gms.common.api.internal.zabi -> com.google.android.gms.common.api.internal.v:
    com.google.android.gms.common.api.internal.GoogleApiManager zaim -> a
    void onBackgroundStateChanged(boolean) -> a
com.google.android.gms.common.api.internal.zabj -> com.google.android.gms.common.api.internal.w:
    com.google.android.gms.common.api.internal.GoogleApiManager$zaa zaiy -> b
com.google.android.gms.common.api.internal.zabk -> com.google.android.gms.common.api.internal.x:
    com.google.android.gms.common.api.internal.GoogleApiManager$zaa zaiy -> b
com.google.android.gms.common.api.internal.zabm -> com.google.android.gms.common.api.internal.y:
    com.google.android.gms.common.api.internal.GoogleApiManager$zaa zaiy -> a
    void onSignOutComplete() -> a