build/app/outputs/mapping/release/usage.txt
com.hastter.daytte.R$styleable
com.hastter.daytte.BuildConfig
com.hastter.daytte.R$layout
com.hastter.daytte.R$xml
com.hastter.daytte.R$style
com.hastter.daytte.R$id
com.hastter.daytte.R$color
com.hastter.daytte.R$string
com.hastter.daytte.R
com.hastter.daytte.R$attr
com.hastter.daytte.R$integer
com.hastter.daytte.R$drawable
com.hastter.daytte.R$mipmap
com.hastter.daytte.R$dimen
...
kotlin.js.ExperimentalJsExport
com.google.android.exoplayer2.MediaItem$LiveConfiguration:
    public android.os.Bundle toBundle()
    private static final int FIELD_TARGET_OFFSET_MS
    private static final int FIELD_MIN_OFFSET_MS
    private static final int FIELD_MAX_OFFSET_MS
    private static final int FIELD_MIN_PLAYBACK_SPEED
    private static final int FIELD_MAX_PLAYBACK_SPEED
com.google.android.exoplayer2.mediacodec.MediaCodecUtil:
    private void <init>()
    public static void warmDecoderInfoCache(java.lang.String,boolean,boolean)
    public static synchronized void clearDecoderInfoCache()
    private static final java.lang.String TAG
    private static final java.lang.String CODEC_ID_AVC1
    private static final java.lang.String CODEC_ID_AVC2
    private static final java.lang.String CODEC_ID_VP09
    private static final java.lang.String CODEC_ID_HEV1
    private static final java.lang.String CODEC_ID_HVC1
    private static final java.lang.String CODEC_ID_AV01
    private static final java.lang.String CODEC_ID_MP4A
com.google.firebase.encoders.json.JsonDataEncoderBuilder$1:
    public java.lang.String encode(java.lang.Object)
com.google.common.collect.SetMultimap
io.flutter.embedding.engine.FlutterEngineGroup$1
com.google.common.collect.Iterables$8
androidx.core.math.MathUtils
com.google.firebase.components.CycleDetector:
    void <init>()
com.google.common.collect.ForwardingMapEntry
androidx.core.os.TraceCompat
com.google.common.hash.LongAddable
kotlin.ExperimentalStdlibApi
com.google.android.gms.common.api.zac
io.flutter.embedding.engine.plugins.shim.ShimPluginRegistry
com.google.android.exoplayer2.extractor.mp4.Sniffer:
    public static boolean sniffUnfragmented(com.google.android.exoplayer2.extractor.ExtractorInput)
    private void <init>()
    public static final int BRAND_QUICKTIME
    public static final int BRAND_HEIC
    private static final int SEARCH_LENGTH
com.google.android.exoplayer2.source.hls.playlist.HlsPlaylistParser:
    private static final java.lang.String LOG_TAG
    private static final java.lang.String PLAYLIST_HEADER
    private static final java.lang.String TAG_PREFIX
    private static final java.lang.String TAG_VERSION
    private static final java.lang.String TAG_PLAYLIST_TYPE
    private static final java.lang.String TAG_DEFINE
    private static final java.lang.String TAG_SERVER_CONTROL
    private static final java.lang.String TAG_STREAM_INF
    private static final java.lang.String TAG_PART_INF
    private static final java.lang.String TAG_PART
    private static final java.lang.String TAG_I_FRAME_STREAM_INF
    private static final java.lang.String TAG_IFRAME
    private static final java.lang.String TAG_MEDIA
    private static final java.lang.String TAG_TARGET_DURATION
    private static final java.lang.String TAG_DISCONTINUITY
    private static final java.lang.String TAG_DISCONTINUITY_SEQUENCE
    private static final java.lang.String TAG_PROGRAM_DATE_TIME
    private static final java.lang.String TAG_INIT_SEGMENT
    private static final java.lang.String TAG_INDEPENDENT_SEGMENTS
    private static final java.lang.String TAG_MEDIA_DURATION
    private static final java.lang.String TAG_MEDIA_SEQUENCE
    private static final java.lang.String TAG_START
    private static final java.lang.String TAG_ENDLIST
    private static final java.lang.String TAG_KEY
com.google.common.collect.Maps$UnmodifiableEntries
androidx.viewpager.widget.PagerTitleStrip$SingleLineAllCapsTransform
com.google.common.util.concurrent.CycleDetectingLockFactory$Policies$1
com.google.android.gms.common.internal.IResolveAccountCallbacks$Stub
kotlin.collections.AbstractMap$values$1$iterator$1
androidx.viewpager.widget.ViewPager$PagerObserver
com.google.android.gms.common.server.response.zal